Warnings encountered during the last execution of ms3 review (v1.2.2)
=====================================================================

MCS_NOT_EXCLUDED_FROM_BARCOUNT_WARNING (1, 1, 14) ms3.Parse.bach_solo.BWV1002_02_Double -- /usr/local/lib/python3.10/site-packages/ms3/bs4_measures.py (line 204) check_measure_numbers():
	MCs 1, 14 seem to be offset from the MN's beginning but have not been excluded from barcount. Context:
	    mc  mn act_dur mc_offset  dont_count  numbering_offset
	0    1   1    1/16     15/16        <NA>              <NA>
	1    2   2       1         0        <NA>              <NA>
	12  13  13   15/16         0        <NA>              <NA>
	13  14  14    1/16     15/16        <NA>              <NA>
	14  15  15       1         0        <NA>              <NA>
MCS_NOT_EXCLUDED_FROM_BARCOUNT_WARNING (1, 1, 34) ms3.Parse.bach_solo.BWV1002_03_Corrente -- /usr/local/lib/python3.10/site-packages/ms3/bs4_measures.py (line 204) check_measure_numbers():
	MCs 1, 34 seem to be offset from the MN's beginning but have not been excluded from barcount. Context:
	    mc  mn act_dur mc_offset  dont_count  numbering_offset
	0    1   1     1/8       5/8        <NA>              <NA>
	1    2   2     3/4         0        <NA>              <NA>
	32  33  33     5/8         0        <NA>              <NA>
	33  34  34     1/8       5/8        <NA>              <NA>
	34  35  35     3/4         0        <NA>              <NA>
MCS_NOT_EXCLUDED_FROM_BARCOUNT_WARNING (1, 1, 34) ms3.Parse.bach_solo.BWV1002_04_Double -- /usr/local/lib/python3.10/site-packages/ms3/bs4_measures.py (line 204) check_measure_numbers():
	MCs 1, 34 seem to be offset from the MN's beginning but have not been excluded from barcount. Context:
	    mc  mn act_dur mc_offset  dont_count  numbering_offset
	0    1   1    1/16     11/16        <NA>              <NA>
	1    2   2     3/4         0        <NA>              <NA>
	32  33  33   11/16         0        <NA>              <NA>
	33  34  34    1/16     11/16        <NA>              <NA>
	34  35  35     3/4         0        <NA>              <NA>
MCS_NOT_EXCLUDED_FROM_BARCOUNT_WARNING (1, 1, 22) ms3.Parse.bach_solo.BWV1002_07_TempoDiBorea -- /usr/local/lib/python3.10/site-packages/ms3/bs4_measures.py (line 204) check_measure_numbers():
	MCs 1, 22 seem to be offset from the MN's beginning but have not been excluded from barcount. Context:
	    mc  mn act_dur mc_offset  dont_count  numbering_offset
	0    1   1     1/4       3/4        <NA>              <NA>
	1    2   2       1         0        <NA>              <NA>
	20  21  21     3/4         0        <NA>              <NA>
	21  22  22     1/4       3/4        <NA>              <NA>
	22  23  23       1         0        <NA>              <NA>
MCS_NOT_EXCLUDED_FROM_BARCOUNT_WARNING (1, 1, 22) ms3.Parse.bach_solo.BWV1002_08_Double -- /usr/local/lib/python3.10/site-packages/ms3/bs4_measures.py (line 204) check_measure_numbers():
	MCs 1, 22 seem to be offset from the MN's beginning but have not been excluded from barcount. Context:
	    mc  mn act_dur mc_offset  dont_count  numbering_offset
	0    1   1     3/8       5/8        <NA>              <NA>
	1    2   2       1         0        <NA>              <NA>
	20  21  21     5/8         0        <NA>              <NA>
	21  22  22     3/8       5/8        <NA>              <NA>
	22  23  23       1         0        <NA>              <NA>
VOLTAS_WITH_DIFFERING_LENGTHS_WARNING (4, 27) ms3.Parse.bach_solo.BWV1003_03_Andante -- /usr/local/lib/python3.10/site-packages/ms3/bs4_measures.py (line 846) treat_group():
	Volta group of MC 27 contains voltas with different lengths: [2, 1] Check for correct computation of MNs and copy this message into an IGNORED_WARNINGS file to make the warning disappear.
INCORRECT_VOLTA_MN_WARNING (2, 29) ms3.Parse.bach_solo.BWV1003_03_Andante -- /usr/local/lib/python3.10/site-packages/ms3/bs4_measures.py (line 191) check_measure_numbers():
	MC 29, the 1st measure of a 2nd volta, should have MN 26, not MN 27.
INCOMPLETE_MC_WRONGLY_COMPLETED_WARNING (3, 17) ms3.Parse.bach_solo.BWV1004_01_Allemande -- /usr/local/lib/python3.10/site-packages/ms3/bs4_measures.py (line 763) make_offset_col():
	The incomplete MC 17 (timesig 1, act_dur 7/8) is completed by 2 incorrect durations (expected: 1/8):
	{1: Fraction(1, 16), 18: Fraction(1, 16)}
INCOMPLETE_MC_WRONGLY_COMPLETED_WARNING (3, 34) ms3.Parse.bach_solo.BWV1004_01_Allemande -- /usr/local/lib/python3.10/site-packages/ms3/bs4_measures.py (line 763) make_offset_col():
	The incomplete MC 34 (timesig 1, act_dur 7/8) is completed by 1 incorrect duration (expected: 1/8):
	{18: Fraction(1, 16)}
MCS_NOT_EXCLUDED_FROM_BARCOUNT_WARNING (1, 1, 18) ms3.Parse.bach_solo.BWV1004_01_Allemande -- /usr/local/lib/python3.10/site-packages/ms3/bs4_measures.py (line 204) check_measure_numbers():
	MCs 1, 18 seem to be offset from the MN's beginning but have not been excluded from barcount. Context:
	    mc  mn act_dur mc_offset  dont_count  numbering_offset
	0    1   1    1/16     15/16        <NA>              <NA>
	1    2   2       1         0        <NA>              <NA>
	16  17  17     7/8         0        <NA>              <NA>
	17  18  18    1/16     15/16        <NA>              <NA>
	18  19  19       1         0        <NA>              <NA>
MCS_NOT_EXCLUDED_FROM_BARCOUNT_WARNING (1, 1, 26) ms3.Parse.bach_solo.BWV1004_02_Courante -- /usr/local/lib/python3.10/site-packages/ms3/bs4_measures.py (line 204) check_measure_numbers():
	MCs 1, 26 seem to be offset from the MN's beginning but have not been excluded from barcount. Context:
	    mc  mn act_dur mc_offset  dont_count  numbering_offset
	0    1   1    1/16     11/16        <NA>              <NA>
	1    2   2     3/4         0        <NA>              <NA>
	24  25  25   11/16         0        <NA>              <NA>
	25  26  26    1/16     11/16        <NA>              <NA>
	26  27  27     3/4         0        <NA>              <NA>
MCS_NOT_EXCLUDED_FROM_BARCOUNT_WARNING (1, 1) ms3.Parse.bach_solo.BWV1005_02_Fuga -- /usr/local/lib/python3.10/site-packages/ms3/bs4_measures.py (line 204) check_measure_numbers():
	MC 1 seems to be offset from the MN's beginning but has not been excluded from barcount. Context:
	   mc  mn act_dur mc_offset  dont_count  numbering_offset
	0   1   1     1/2       1/2        <NA>              <NA>
	1   2   2       1         0        <NA>              <NA>
MCS_NOT_EXCLUDED_FROM_BARCOUNT_WARNING (1, 1, 18) ms3.Parse.bach_solo.BWV1006_05_Bourée -- /usr/local/lib/python3.10/site-packages/ms3/bs4_measures.py (line 204) check_measure_numbers():
	MCs 1, 18 seem to be offset from the MN's beginning but have not been excluded from barcount. Context:
	    mc  mn act_dur mc_offset  dont_count  numbering_offset
	0    1   1     1/4       3/4        <NA>              <NA>
	1    2   2       1         0        <NA>              <NA>
	16  17  17     3/4         0        <NA>              <NA>
	17  18  18     1/4       3/4        <NA>              <NA>
	18  19  19       1         0        <NA>              <NA>
MCS_NOT_EXCLUDED_FROM_BARCOUNT_WARNING (1, 1, 18) ms3.Parse.bach_solo.BWV1006_06_Gigue -- /usr/local/lib/python3.10/site-packages/ms3/bs4_measures.py (line 204) check_measure_numbers():
	MCs 1, 18 seem to be offset from the MN's beginning but have not been excluded from barcount. Context:
	    mc  mn act_dur mc_offset  dont_count  numbering_offset
	0    1   1     1/8       5/8        <NA>              <NA>
	1    2   2     3/4         0        <NA>              <NA>
	16  17  17     5/8         0        <NA>              <NA>
	17  18  18     1/8       5/8        <NA>              <NA>
	18  19  19     3/4         0        <NA>              <NA>
INCOMPLETE_MC_WRONGLY_COMPLETED_WARNING (3, 4) ms3.Parse.bach_solo.BWV1007_04_Sarabande -- /usr/local/lib/python3.10/site-packages/ms3/bs4_measures.py (line 763) make_offset_col():
	The incomplete MC 4 (timesig 3/4, act_dur 23/32) is completed by 1 incorrect duration (expected: 1/32):
	{5: Fraction(23, 32)}
INCOMPLETE_MC_WRONGLY_COMPLETED_WARNING (3, 6) ms3.Parse.bach_solo.BWV1007_04_Sarabande -- /usr/local/lib/python3.10/site-packages/ms3/bs4_measures.py (line 763) make_offset_col():
	The incomplete MC 6 (timesig 3/4, act_dur 23/32) is completed by 1 incorrect duration (expected: 1/32):
	{7: Fraction(23, 32)}
INCOMPLETE_MC_WRONGLY_COMPLETED_WARNING (3, 8) ms3.Parse.bach_solo.BWV1007_04_Sarabande -- /usr/local/lib/python3.10/site-packages/ms3/bs4_measures.py (line 763) make_offset_col():
	The incomplete MC 8 (timesig 3/4, act_dur 23/32) is completed by 2 incorrect durations (expected: 1/32):
	{1: Fraction(3, 4), 9: Fraction(3, 4)}
INCOMPLETE_MC_WRONGLY_COMPLETED_WARNING (3, 16) ms3.Parse.bach_solo.BWV1007_04_Sarabande -- /usr/local/lib/python3.10/site-packages/ms3/bs4_measures.py (line 763) make_offset_col():
	The incomplete MC 16 (timesig 3/4, act_dur 23/32) is completed by 1 incorrect duration (expected: 1/32):
	{9: Fraction(3, 4)}
MCS_NOT_EXCLUDED_FROM_BARCOUNT_WARNING (1, 5, 7) ms3.Parse.bach_solo.BWV1007_04_Sarabande -- /usr/local/lib/python3.10/site-packages/ms3/bs4_measures.py (line 204) check_measure_numbers():
	MCs 5, 7 seem to be offset from the MN's beginning but have not been excluded from barcount. Context:
	   mc  mn act_dur mc_offset  dont_count  numbering_offset
	3   4   4   23/32         0        <NA>              <NA>
	4   5   5   23/32      1/32        <NA>              <NA>
	5   6   6   23/32         0        <NA>              <NA>
	6   7   7   23/32      1/32        <NA>              <NA>
	7   8   8   23/32         0        <NA>              <NA>
VOLTAS_WITH_DIFFERING_LENGTHS_WARNING (4, 19) ms3.Parse.bach_solo.BWV1013_01_Allemande -- /usr/local/lib/python3.10/site-packages/ms3/bs4_measures.py (line 846) treat_group():
	Volta group of MC 19 contains voltas with different lengths: [1, 2] Check for correct computation of MNs and copy this message into an IGNORED_WARNINGS file to make the warning disappear.
VOLTAS_WITH_DIFFERING_LENGTHS_WARNING (4, 47) ms3.Parse.bach_solo.BWV1013_01_Allemande -- /usr/local/lib/python3.10/site-packages/ms3/bs4_measures.py (line 846) treat_group():
	Volta group of MC 47 contains voltas with different lengths: [2, 1] Check for correct computation of MNs and copy this message into an IGNORED_WARNINGS file to make the warning disappear.
INCORRECT_VOLTA_MN_WARNING (2, 49) ms3.Parse.bach_solo.BWV1013_01_Allemande -- /usr/local/lib/python3.10/site-packages/ms3/bs4_measures.py (line 191) check_measure_numbers():
	MC 49, the 1st measure of a 2nd volta, should have MN 45, not MN 46.
DCML_HARMONY_INCOMPLETE_PEDAL_COLUMN_WARNING (13,) ms3.Parse.bach_solo.BWV1005_02_Fuga -- /usr/local/lib/python3.10/site-packages/ms3/expand_dcml.py (line 145) expand_labels():
	propagate_pedal() failed with
	3 organ points started, 2 ended:
	    mc pedal    mc pedalend
	0   89     V    93        ]
	1  187     V   289        ]
	2  272     V  <NA>      NaN
DCML_HARMONY_INCOMPLETE_PEDAL_COLUMN_WARNING (13,) ms3.Parse.bach_solo.BWV1007_01_Prelude -- /usr/local/lib/python3.10/site-packages/ms3/expand_dcml.py (line 145) expand_labels():
	propagate_pedal() failed with
	2 organ points started, 1 ended:
	   mc pedal    mc pedalend
	0   1     I    19        ]
	1  16     I  <NA>      NaN
DCML_PHRASE_INCONGRUENCY_WARNING (16,) ms3.Parse.bach_solo.BWV1007_04_Sarabande -- /usr/local/lib/python3.10/site-packages/ms3/utils.py (line 5117) check_phrase_annotations():
	Phrase beginning and endings don't match:
	mn_playthrough phraseend mn_playthrough phraseend
	            1a         {             8a         }
	            1b         {             8b         }
	           13a         {            12a         }
	           13b         {            16a         }
	           NaN       NaN            12b         }
	           NaN       NaN            16b         }
DCML_PHRASE_INCONGRUENCY_WARNING (16,) ms3.Parse.bach_solo.BWV1007_06_MenuetII -- /usr/local/lib/python3.10/site-packages/ms3/utils.py (line 5117) check_phrase_annotations():
	Phrase beginning and endings don't match:
	mn_playthrough phraseend mn_playthrough phraseend
	            1a         {             8a         }
	            1b         {             8b         }
	            9a         {            16a         }
	            9b         {            24a         }
	           NaN       NaN            16b         }
	           NaN       NaN            24b         }
DCML_DEFAULT_CORRECTION_WARNING (27, 'MC 22: ') ms3.Parse.bach_solo.BWV1008_04_Sarabande -- /usr/local/lib/python3.10/site-packages/ms3/utils.py (line 4134) features2tpcs():
	MC 22: #vii in major context corrected to vii.
DCML_DEFAULT_CORRECTION_WARNING (27, 'MC 19: ') ms3.Parse.bach_solo.BWV1008_04_Sarabande -- /usr/local/lib/python3.10/site-packages/ms3/utils.py (line 4134) features2tpcs():
	MC 19: #vii in major context corrected to vii.
DCML_DEFAULT_CORRECTION_WARNING (27, 'MC 49: ') ms3.Parse.bach_solo.BWV1010_01_Prelude -- /usr/local/lib/python3.10/site-packages/ms3/utils.py (line 4134) features2tpcs():
	MC 49: #vii in major context corrected to vii.
DCML_PHRASE_INCONGRUENCY_WARNING (16,) ms3.Parse.bach_solo.BWV1011_04_Sarabande -- /usr/local/lib/python3.10/site-packages/ms3/utils.py (line 5117) check_phrase_annotations():
	Phrase beginning and endings don't match:
	mn_playthrough phraseend mn_playthrough phraseend
	            1a         {             4a         }
	            1b         {             8a         }
	            9a         {             4b         }
	           13a         {             8b         }
	            9b         {            12a         }
	           13b         {            20a         }
	           NaN       NaN            12b         }
	           NaN       NaN            20b         }
DCML_PHRASE_INCONGRUENCY_WARNING (16,) ms3.Parse.bach_solo.BWV1011_05_GavotteI -- /usr/local/lib/python3.10/site-packages/ms3/utils.py (line 5117) check_phrase_annotations():
	Phrase beginning and endings don't match:
	mn_playthrough phraseend mn_playthrough phraseend
	            0a         {             4a         }
	            4a         {            12a         }
	           12a         {            16a         }
	           16a         {            20a         }
	           24a         {            24a         }
	           30a         {            30a         }
	           36a         {            36a         }
	            4b         {             4b         }
	           12b         {            12b         }
	           16b         {            16b         }
	           24b         {            20b         }
	           30b         {            24b         }
	           NaN       NaN            30b         }
	           NaN       NaN            36b         }
DCML_PHRASE_INCONGRUENCY_WARNING (16,) ms3.Parse.bach_solo.BWV1013_01_Allemande -- /usr/local/lib/python3.10/site-packages/ms3/utils.py (line 5117) check_phrase_annotations():
	Phrase beginning and endings don't match:
	mn_playthrough phraseend mn_playthrough phraseend
	            1a         {            19a         }
	            1b         {            19b        }{
	           19b        }{            22a        }{
	           22a        }{            24a        }{
	           24a        }{            44a         }
	           46a         {            19c        }{
	            1c         {            22b        }{
	           19c        }{            24b        }{
	           22b        }{            44b         }
	           24b        }{            NaN       NaN
Chord labels where the ratio of colored notes vs. all notes in a segment lies above 0.6:
                                          mc   mn mc_onset        label     chord_tones added_tones  n_colored  n_untouched  count_ratio
bach_solo MS3/BWV1001_01_Adagio.mscx      11   11      1/8           i6      (-3, 1, 0)          ()          2            1     0.666667
          MS3/BWV1001_02_Fuga.mscx        32   32      1/4         .Fr6   (-2, 2, 4, 8)          ()          3            1     0.750000
          MS3/BWV1001_03_Siciliano.mscx    6    6      9/8          iv6      (-3, 1, 0)          ()          8            5     0.615385
          MS3/BWV1001_04_Presto.mscx      39   39      1/8         VII6      (3, 0, -1)          ()          3            1     0.750000
          MS3/BWV1001_04_Presto.mscx      41   41      1/8         iio6      (1, -2, 4)          ()          3            1     0.750000
          MS3/BWV1001_04_Presto.mscx      46   46      1/8         iio6      (1, -2, 4)          ()          3            1     0.750000
          MS3/BWV1002_01_Allemanda.mscx    6    5      3/8         III6       (6, 3, 2)          ()          2            1     0.666667
          MS3/BWV1002_01_Allemanda.mscx   13   12    27/32        i.i6{       (2, 6, 5)          ()          2            1     0.666667
          MS3/BWV1002_01_Allemanda.mscx   25   23      5/8            V      (6, 10, 7)          ()          2            1     0.666667
          MS3/BWV1002_04_Double.mscx      79   79        0          iv6       (1, 5, 4)          ()          3            1     0.750000
          MS3/BWV1002_06_Double.mscx      24   23      3/8          iv6       (1, 5, 4)          ()          4            2     0.666667
          MS3/BWV1003_01_Grave.mscx        4    4      3/8      ii6/III      (-1, 3, 2)          ()          2            1     0.666667
          MS3/BWV1004_01_Allemande.mscx    4    4      1/4          VI6     (2, -1, -2)          ()          4            2     0.666667
          MS3/BWV1004_02_Courante.mscx    15   15        0           ii       (4, 1, 5)          ()          7            2     0.777778
          MS3/BWV1005_02_Fuga.mscx         2    2        0           vi       (3, 0, 4)          ()          2            1     0.666667
          MS3/BWV1005_02_Fuga.mscx       176  176      3/4    #viio/iii      (10, 7, 4)          ()          2            0     1.000000
          MS3/BWV1005_02_Fuga.mscx       177  177        0          iii       (5, 2, 6)          ()          3            1     0.750000
          MS3/BWV1005_02_Fuga.mscx       295  295        0        ii/ii       (4, 1, 5)          ()          3            1     0.750000
          MS3/BWV1005_02_Fuga.mscx       295  295      1/2     ii%65/ii   (1, -2, 2, 4)          ()          3            1     0.750000
          MS3/BWV1006_04_Menuett.mscx     62   62        0        V(4)}       (5, 4, 6)          ()          3            1     0.750000
          MS3/BWV1007_01_Prelude.mscx     26   26      3/4       V(b64)      (2, 1, -2)          ()          3            1     0.750000
          MS3/BWV1007_01_Prelude.mscx     33   33      1/2        V(64)       (2, 1, 5)          ()         16            8     0.666667
          MS3/BWV1007_01_Prelude.mscx     35   35      1/2        V(64)       (2, 1, 5)          ()         10            6     0.625000
          MS3/BWV1007_03_Courante.mscx    14   13      1/4            I       (2, 6, 3)          ()          2            1     0.666667
          MS3/BWV1007_07_Gique.mscx       24   22        0           v6      (-1, 3, 2)          ()          2            1     0.666667
          MS3/BWV1007_07_Gique.mscx       25   23        0          IV6       (4, 1, 0)          ()          2            1     0.666667
          MS3/BWV1008_02_Allemande.mscx   24   22      1/2          iv6      (-2, 2, 1)          ()          3            1     0.750000
          MS3/BWV1008_04_Sarabande.mscx   13   13      1/4     iio64/iv     (-6, 0, -3)          ()          2            1     0.666667
          MS3/BWV1008_04_Sarabande.mscx   16   16        0          iv}    (-2, -5, -1)          ()          4            2     0.666667
          MS3/BWV1008_04_Sarabande.mscx   17   17        0  viio64/III{       (2, 8, 5)          ()          2            0     1.000000
          MS3/BWV1008_04_Sarabande.mscx   18   18      1/4        .bII6    (-2, -5, -6)          ()          4            0     1.000000
          MS3/BWV1008_04_Sarabande.mscx   20   20        0           V6       (4, 1, 0)          ()          2            1     0.666667
          MS3/BWV1008_04_Sarabande.mscx   21   21        0           VI       (2, 6, 3)          ()          3            1     0.750000
          MS3/BWV1008_04_Sarabande.mscx   21   21      1/4      iio6(2)     (-2, -5, 3)          ()          2            0     1.000000
          MS3/BWV1008_04_Sarabande.mscx   21   21      5/8         iio6     (-2, -5, 1)          ()          4            2     0.666667
          MS3/BWV1008_04_Sarabande.mscx   23   23        0           i6     (-4, 0, -1)          ()          6            1     0.857143
          MS3/BWV1008_04_Sarabande.mscx   24   24        0           i}     (-1, -4, 0)          ()          8            1     0.888889
          MS3/BWV1008_04_Sarabande.mscx   25   25        0          III       (3, 7, 4)          ()          4            1     0.800000
          MS3/BWV1008_04_Sarabande.mscx   26   26        0           IV     (-2, 2, -1)          ()          4            2     0.666667
          MS3/BWV1008_04_Sarabande.mscx   27   27        0        V(64)      (0, -1, 3)          ()          3            1     0.750000
          MS3/BWV1008_04_Sarabande.mscx   27   27      1/4         V(4)      (0, -1, 1)          ()          2            0     1.000000
          MS3/BWV1008_04_Sarabande.mscx   27   27      1/2            V       (0, 4, 1)          ()          2            0     1.000000
          MS3/BWV1008_04_Sarabande.mscx   28   28        0           i}     (-1, -4, 0)          ()          2            0     1.000000
          MS3/BWV1008_06_MenuetII.mscx    15   15        0    #viio6/vi      (7, 4, 10)          ()          4            2     0.666667
          MS3/BWV1009_07_Gique.mscx       30   29        0           V6       (6, 3, 2)          ()          4            2     0.666667
          MS3/BWV1009_07_Gique.mscx       32   31        0       viio6]       (3, 0, 6)          ()          4            2     0.666667
          MS3/BWV1010_02_Allemande.mscx   22   21        0       iv6/vi     (-4, 0, -1)          ()          5            3     0.625000
          MS3/BWV1010_02_Allemande.mscx   22   21      1/2      iio6/vi     (-1, -4, 2)          ()          5            3     0.625000
          MS3/BWV1011_01_Prelude.mscx     10   10     5/16           v{      (1, -2, 2)          ()          9            2     0.818182
          MS3/BWV1011_01_Prelude.mscx     13   13      1/2            v      (1, -2, 2)          ()          2            0     1.000000
          MS3/BWV1011_01_Prelude.mscx     14   14        0   #viio7/iv]  (4, 1, -2, -5)          ()          7            4     0.636364
          MS3/BWV1011_01_Prelude.mscx     23   23        0        #viio       (6, 3, 0)          ()          5            3     0.625000
          MS3/BWV1011_01_Prelude.mscx     25   25        0           i6      (-2, 2, 1)          ()         11            4     0.733333
          MS3/BWV1011_01_Prelude.mscx     36   36        0      IV6/VII     (1, -2, -3)          ()          2            0     1.000000
          MS3/BWV1011_01_Prelude.mscx     36   36      1/4     viio/VII      (3, 0, -3)          ()          1            0     1.000000
          MS3/BWV1011_01_Prelude.mscx     37   37        0          VII     (-2, 2, -1)          ()          4            1     0.800000
          MS3/BWV1011_01_Prelude.mscx     39   39        0            v      (1, -2, 2)          ()          4            1     0.800000
          MS3/BWV1011_01_Prelude.mscx     40   40      1/4        VI6/v     (1, -2, -3)          ()          2            0     1.000000
          MS3/BWV1011_01_Prelude.mscx     43   43        0    i/v|IAC}{      (1, -2, 2)          ()          2            0     1.000000
          MS3/BWV1011_01_Prelude.mscx     56   56        0        V/VII      (-1, 3, 0)          ()          3            1     0.750000
          MS3/BWV1011_01_Prelude.mscx     57   57        0         VII6     (2, -1, -2)          ()          2            1     0.666667
          MS3/BWV1011_01_Prelude.mscx     58   58      1/4     viio64/v    (-7, -1, -4)          ()          1            0     1.000000
          MS3/BWV1011_01_Prelude.mscx     61   61        0      #viio/v       (6, 3, 0)          ()          4            2     0.666667
          MS3/BWV1011_01_Prelude.mscx     63   63        0       v|IAC}      (1, -2, 2)          ()          5            3     0.625000
          MS3/BWV1011_01_Prelude.mscx     64   64        0            i      (0, -3, 1)          ()          4            2     0.666667
          MS3/BWV1011_01_Prelude.mscx     68   68        0           i6      (-3, 1, 0)          ()          4            2     0.666667
          MS3/BWV1011_01_Prelude.mscx     73   73      1/8            v      (1, -2, 2)          ()          3            1     0.750000
          MS3/BWV1011_01_Prelude.mscx     75   75      1/8          III     (-3, 1, -2)          ()          3            1     0.750000
          MS3/BWV1011_01_Prelude.mscx     80   80        0       IV6/iv     (2, -1, -2)          ()          2            1     0.666667
          MS3/BWV1011_01_Prelude.mscx     82   82        0           i6      (-3, 1, 0)          ()          2            1     0.666667
          MS3/BWV1011_01_Prelude.mscx     83   83      1/8            v      (1, -2, 2)          ()          3            1     0.750000
          MS3/BWV1011_01_Prelude.mscx     84   84        0         III6     (1, -2, -3)          ()          2            1     0.666667
          MS3/BWV1011_01_Prelude.mscx     87   87      1/8            V       (1, 5, 2)          ()          3            1     0.750000
          MS3/BWV1011_01_Prelude.mscx     88   88        0       IV/III     (-4, 0, -3)          ()          2            1     0.666667
          MS3/BWV1011_01_Prelude.mscx     88   88      1/4   viio64/III     (-4, 2, -1)          ()          1            0     1.000000
          MS3/BWV1011_01_Prelude.mscx     89   89        0         III6     (1, -2, -3)          ()          3            1     0.750000
          MS3/BWV1011_01_Prelude.mscx     91   91        0           i6      (-3, 1, 0)          ()          3            1     0.750000
          MS3/BWV1011_01_Prelude.mscx     97   97        0          V43   (2, -1, 1, 5)          ()          4            2     0.666667
          MS3/BWV1011_01_Prelude.mscx    101  101      1/8          III     (-3, 1, -2)          ()          4            0     1.000000
          MS3/BWV1011_01_Prelude.mscx    105  105        0            v      (1, -2, 2)          ()          4            1     0.800000
          MS3/BWV1011_01_Prelude.mscx    106  106        0        iio/v      (3, 0, -3)          ()          3            1     0.750000
          MS3/BWV1011_01_Prelude.mscx    116  116        0           V2   (-1, 1, 5, 2)          ()          4            2     0.666667
          MS3/BWV1011_01_Prelude.mscx    130  130        0       IV6/VI    (-1, -4, -5)          ()          3            1     0.750000
          MS3/BWV1011_01_Prelude.mscx    130  130      1/4      viio/VI     (1, -2, -5)          ()          2            0     1.000000
          MS3/BWV1011_01_Prelude.mscx    131  131      1/8           VI     (-4, 0, -3)          ()          3            1     0.750000
          MS3/BWV1011_01_Prelude.mscx    134  134        0       iio/iv     (1, -2, -5)          ()          3            1     0.750000
          MS3/BWV1011_01_Prelude.mscx    146  146        0      #viio64      (-1, 5, 2)          ()          4            1     0.800000
          MS3/BWV1011_01_Prelude.mscx    148  148        0            V       (1, 5, 2)          ()          4            2     0.666667
          MS3/BWV1011_01_Prelude.mscx    150  150      1/4   viio64/III     (-4, 2, -1)          ()          1            0     1.000000
          MS3/BWV1011_01_Prelude.mscx    151  151        0         III6     (1, -2, -3)          ()          2            1     0.666667
          MS3/BWV1011_01_Prelude.mscx    152  152      1/4      #viio64      (-1, 5, 2)          ()          1            0     1.000000
          MS3/BWV1011_01_Prelude.mscx    153  153        0           i6      (-3, 1, 0)          ()          2            1     0.666667
          MS3/BWV1011_01_Prelude.mscx    156  156        0            i      (0, -3, 1)          ()          2            0     1.000000
          MS3/BWV1011_01_Prelude.mscx    164  164        0         III6     (1, -2, -3)          ()          4            0     1.000000
          MS3/BWV1011_01_Prelude.mscx    164  164      1/4            V       (1, 5, 2)          ()          2            0     1.000000
          MS3/BWV1011_01_Prelude.mscx    165  165        0           VI     (-4, 0, -3)          ()          3            1     0.750000
          MS3/BWV1011_01_Prelude.mscx    165  165      1/4          i64      (1, 0, -3)          ()          2            0     1.000000
          MS3/BWV1011_01_Prelude.mscx    169  169        0      vii%7/V    (6, 3, 0, 4)          ()          5            1     0.833333
          MS3/BWV1011_01_Prelude.mscx    170  170        0        V(64)      (1, 0, -3)          ()          4            2     0.666667
          MS3/BWV1011_01_Prelude.mscx    175  175      1/8       #viio6      (2, -1, 5)          ()          2            0     1.000000
          MS3/BWV1011_01_Prelude.mscx    175  175      1/4            V       (1, 5, 2)          ()          1            0     1.000000
          MS3/BWV1011_01_Prelude.mscx    184  184        0    #viio7/iv  (4, 1, -2, -5)          ()          4            2     0.666667
          MS3/BWV1011_01_Prelude.mscx    192  192        0        iio/V      (3, 0, -3)          ()          4            2     0.666667
          MS3/BWV1011_01_Prelude.mscx    193  193        0     viio64/V       (0, 6, 3)          ()          9            4     0.692308
          MS3/BWV1011_01_Prelude.mscx    195  195        0           V]       (1, 5, 2)          ()          4            2     0.666667
          MS3/BWV1011_01_Prelude.mscx    203  203        0         bII6    (-1, -4, -5)          ()         15            2     0.882353
          MS3/BWV1011_01_Prelude.mscx    218  218        0           IV      (-1, 3, 0)          ()          4            2     0.666667
          MS3/BWV1011_02_Allemande.mscx   16   15      1/2           i6      (-2, 2, 1)          ()          4            2     0.666667
          MS3/BWV1011_02_Allemande.mscx   17   16        0       #viio7   (6, 3, 0, -3)          ()          7            4     0.636364
          MS3/BWV1011_02_Allemande.mscx   18   17      1/4         iio6      (0, -3, 3)          ()          3            1     0.750000
          MS3/BWV1011_02_Allemande.mscx   18   17      1/2            V       (2, 6, 3)          ()          2            1     0.666667
          MS3/BWV1011_02_Allemande.mscx   21   20        0         i.i6      (-3, 1, 0)          ()          4            2     0.666667
          MS3/BWV1011_02_Allemande.mscx   23   22        0       V2/VII  (-3, -1, 3, 0)          ()          9            3     0.750000
          MS3/BWV1011_02_Allemande.mscx   32   31        0           V6       (5, 2, 1)          ()          5            2     0.714286
          MS3/BWV1011_02_Allemande.mscx   33   32      1/2       #viio6      (2, -1, 5)          ()          3            1     0.750000
          MS3/BWV1011_02_Allemande.mscx   33   32      7/8            i      (0, -3, 1)          ()          1            0     1.000000
          MS3/BWV1011_02_Allemande.mscx   35   34      1/2            i      (0, -3, 1)          ()          1            0     1.000000
          MS3/BWV1011_03_Courante.mscx     8    7        1          v.i      (1, -2, 2)          ()          4            0     1.000000
          MS3/BWV1011_03_Courante.mscx    12   11        1            V       (2, 6, 3)          ()          2            1     0.666667
          MS3/BWV1011_03_Courante.mscx    13   12     11/8           I{       (1, 5, 2)          ()          8            4     0.666667
          MS3/BWV1011_03_Courante.mscx    16   15      1/2         VI6{     (0, -3, -4)          ()          1            0     1.000000
          MS3/BWV1011_03_Courante.mscx    17   16        0   #viio65/iv  (1, -2, -5, 4)          ()          5            3     0.625000
          MS3/BWV1011_03_Courante.mscx    20   19        0    I/VI|PAC}     (-4, 0, -3)          ()          4            2     0.666667
          MS3/BWV1011_03_Courante.mscx    20   19        1       V6/III     (2, -1, -2)          ()          2            1     0.666667
          MS3/BWV1011_03_Courante.mscx    21   20        0         III6     (1, -2, -3)          ()          2            1     0.666667
          MS3/BWV1011_03_Courante.mscx    21   20      1/2      ii6/III     (-4, 0, -1)          ()          3            0     1.000000
          MS3/BWV1011_03_Courante.mscx    22   21      1/2      IV6/VII     (1, -2, -3)          ()          4            0     1.000000
          MS3/BWV1011_03_Courante.mscx    22   21        1     viio/VII      (3, 0, -3)          ()          2            1     0.666667
          MS3/BWV1011_04_Sarabande.mscx    2    2        0           iv     (-1, -4, 0)          ()          3            1     0.750000
          MS3/BWV1011_04_Sarabande.mscx    3    3        0         iio6     (-1, -4, 2)          ()          3            1     0.750000
          MS3/BWV1011_04_Sarabande.mscx   11   11        0    #viio7/iv  (4, 1, -2, -5)          ()          3            1     0.750000
          MS3/BWV1011_04_Sarabande.mscx   15   15        0            i      (0, -3, 1)          ()          4            2     0.666667
          MS3/BWV1011_04_Sarabande.mscx   17   17        0        #vi%7   (3, 0, -3, 1)          ()          4            2     0.666667
          MS3/BWV1011_05_GavotteI.mscx     7    6      1/2          III     (-3, 1, -2)          ()          3            1     0.750000
          MS3/BWV1011_05_GavotteI.mscx     9    8        0          VII     (-2, 2, -1)          ()          5            3     0.625000
          MS3/BWV1011_05_GavotteI.mscx    10    9      1/2        iio64      (-3, 3, 0)          ()          3            1     0.750000
          MS3/BWV1011_05_GavotteI.mscx    16   15        0           V6       (4, 1, 0)          ()          3            1     0.750000
          MS3/BWV1011_05_GavotteI.mscx    27   26        0           IV      (-1, 3, 0)          ()          6            3     0.666667
          MS3/BWV1011_06_GavotteII.mscx    7    6      3/4     #viio6/v       (3, 0, 6)          ()          2            1     0.666667
          MS3/BWV1011_06_GavotteII.mscx    8    7        0            v      (1, -2, 2)          ()          3            0     1.000000
          MS3/BWV1011_06_GavotteII.mscx    8    7      1/4         iv/v      (0, -3, 1)          ()          2            1     0.666667
          MS3/BWV1011_06_GavotteII.mscx    8    7      1/2            v      (1, -2, 2)          ()          3            0     1.000000
          MS3/BWV1011_06_GavotteII.mscx    8    7      3/4         V6/v       (6, 3, 2)          ()          2            1     0.666667
          MS3/BWV1011_06_GavotteII.mscx   14   13      1/2    #viio6/iv      (1, -2, 4)          ()          2            1     0.666667
          MS3/BWV1011_06_GavotteII.mscx   16   15        0           iv     (-1, -4, 0)          ()          4            2     0.666667
          MS3/BWV1011_06_GavotteII.mscx   18   17      1/2        V6/iv       (4, 1, 0)          ()          4            2     0.666667
          MS3/BWV1011_06_GavotteII.mscx   19   18      1/2        #viio      (5, 2, -1)          ()          4            2     0.666667
          MS3/BWV1011_06_GavotteII.mscx   20   19        0           i6      (-3, 1, 0)          ()          4            2     0.666667
          MS3/BWV1011_07_Gique.mscx       15   14        0        viio6     (-1, -4, 2)          ()          2            1     0.666667
          MS3/BWV1011_07_Gique.mscx       16   15        0      I|PAC}{     (-3, 1, -2)          ()          4            1     0.800000
          MS3/BWV1011_07_Gique.mscx       18   17        0           vi      (0, -3, 1)          ()          3            1     0.750000
          MS3/BWV1011_07_Gique.mscx       19   18        0           IV     (-4, 0, -3)          ()          4            1     0.800000
          MS3/BWV1011_07_Gique.mscx       27   26      1/4       viio/V      (3, 0, -3)          ()          1            0     1.000000
          MS3/BWV1011_07_Gique.mscx       30   29        0      v.iio64      (-3, 3, 0)          ()          2            1     0.666667
          MS3/BWV1011_07_Gique.mscx       31   30        0            i      (1, -2, 2)          ()          2            1     0.666667
          MS3/BWV1011_07_Gique.mscx       33   32     3/16          i6{      (-2, 2, 1)          ()          4            1     0.800000
          MS3/BWV1011_07_Gique.mscx       34   33      1/4            i      (1, -2, 2)          ()          1            0     1.000000
          MS3/BWV1011_07_Gique.mscx       42   41        0  i.#viio7/iv  (4, 1, -2, -5)          ()          4            1     0.800000
          MS3/BWV1011_07_Gique.mscx       43   42      1/4         V/iv       (0, 4, 1)          ()          1            0     1.000000
          MS3/BWV1011_07_Gique.mscx       44   43        0           iv     (-1, -4, 0)          ()          5            2     0.714286
          MS3/BWV1011_07_Gique.mscx       47   46      1/4        V/III     (-2, 2, -1)          ()          1            0     1.000000
          MS3/BWV1011_07_Gique.mscx       48   47        0          III     (-3, 1, -2)          ()          5            2     0.714286
          MS3/BWV1011_07_Gique.mscx       50   49        0       #vio64      (-3, 3, 0)          ()          5            2     0.714286
          MS3/BWV1011_07_Gique.mscx       52   51        0      #viio64      (-1, 5, 2)          ()          5            2     0.714286
          MS3/BWV1011_07_Gique.mscx       54   53        0        V(64)      (1, 0, -3)          ()          2            1     0.666667
          MS3/BWV1011_07_Gique.mscx       55   54        0           V7   (1, 5, 2, -1)          ()          2            1     0.666667
          MS3/BWV1011_07_Gique.mscx       56   55        0           i6      (-3, 1, 0)          ()          1            0     1.000000
          MS3/BWV1011_07_Gique.mscx       57   56        0        V6/iv       (4, 1, 0)          ()          1            0     1.000000
          MS3/BWV1011_07_Gique.mscx       58   57        0           iv     (-1, -4, 0)          ()          2            0     1.000000
          MS3/BWV1011_07_Gique.mscx       58   57      1/4           i6      (-3, 1, 0)          ()          1            0     1.000000
          MS3/BWV1011_07_Gique.mscx       59   58        0       #viio6      (2, -1, 5)          ()          2            0     1.000000
          MS3/BWV1011_07_Gique.mscx       59   58      1/4            i      (0, -3, 1)          ()          1            0     1.000000
          MS3/BWV1011_07_Gique.mscx       60   59        0        V|HC}       (1, 5, 2)          ()          3            1     0.750000
          MS3/BWV1011_07_Gique.mscx       62   61      1/8            i      (0, -3, 1)          ()          4            1     0.800000
          MS3/BWV1011_07_Gique.mscx       64   63        0           VI     (-4, 0, -3)          ()          4            0     1.000000
          MS3/BWV1012_01_Prelude.mscx     41   41        0       #viio7   (10, 7, 4, 1)          ()          9            3     0.750000
          MS3/BWV1012_01_Prelude.mscx     75   75      3/4       ii6(2)       (1, 5, 6)          ()          2            1     0.666667
          MS3/BWV1012_01_Prelude.mscx     76   76        0        I6(2)       (6, 3, 4)          ()          2            1     0.666667
          MS3/BWV1012_02_Allemande.mscx    3    2      1/4       IV6(2)       (5, 2, 3)          ()          9            4     0.692308
          MS3/BWV1012_02_Allemande.mscx   14   13      3/4        V/iii      (7, 11, 8)          ()          4            2     0.666667
          MS3/BWV1012_03_Courante.mscx    53   52        0           V6       (7, 4, 3)          ()          7            4     0.636364
          MS3/BWV1012_04_Sarabande.mscx    7    7        0            V       (4, 8, 5)          ()          3            1     0.750000
          MS3/BWV1012_04_Sarabande.mscx   13   13      1/2     viio6/IV       (3, 0, 6)          ()          3            1     0.750000
          MS3/BWV1012_07_Gique.mscx       10    9      3/8           vi       (6, 3, 7)          ()          3            1     0.750000
          MS3/BWV1012_07_Gique.mscx       15   14      3/8          vi2    (4, 6, 3, 7)          ()          4            2     0.666667
          MS3/BWV1013_01_Allemande.mscx   48   46      1/2         i(2)       (6, 1, 5)          ()         13            4     0.764706
